[01m[K/home/user/ros2_ws/src/citylab_project/robot_patrol/src/patrol.cpp:93:2:[m[K [01;31m[Kerror: [m[Kunterminated argument list invoking macro "RCLCPP_INFO"
   93 | }
      |  [01;31m[K^[m[K
[01m[K/home/user/ros2_ws/src/citylab_project/robot_patrol/src/patrol.cpp:65:18:[m[K [01;31m[Kerror: [m[Kexpected '[01m[K}[m[K' at end of input
   65 |       RCLCPP_INFO[01;31m[K([m[Kthis->get_logger(),
      |                  [01;31m[K^[m[K
[01m[K/home/user/ros2_ws/src/citylab_project/robot_patrol/src/patrol.cpp:8:36:[m[K [01;36m[Knote: [m[Kto match this '[01m[K{[m[K'
    8 | class Patrol : public rclcpp::Node [01;36m[K{[m[K
      |                                    [01;36m[K^[m[K
[01m[K/home/user/ros2_ws/src/citylab_project/robot_patrol/src/patrol.cpp:[m[K In constructor '[01m[KPatrol::Patrol()[m[K':
[01m[K/home/user/ros2_ws/src/citylab_project/robot_patrol/src/patrol.cpp:11:5:[m[K [01;31m[Kerror: [m[K'[01m[Kcmd_vel_pub_[m[K' was not declared in this scope
   11 |     [01;31m[Kcmd_vel_pub_[m[K =
      |     [01;31m[K^~~~~~~~~~~~[m[K
[01m[K/home/user/ros2_ws/src/citylab_project/robot_patrol/src/patrol.cpp:13:5:[m[K [01;31m[Kerror: [m[K'[01m[Klaser_sub_[m[K' was not declared in this scope
   13 |     [01;31m[Klaser_sub_[m[K = this->create_subscription<sensor_msgs::msg::LaserScan>(
      |     [01;31m[K^~~~~~~~~~[m[K
[01m[K/home/user/ros2_ws/src/citylab_project/robot_patrol/src/patrol.cpp:16:5:[m[K [01;31m[Kerror: [m[K'[01m[Ktimer_[m[K' was not declared in this scope; did you mean '[01m[Ktimer_t[m[K'?
   16 |     [01;31m[Ktimer_[m[K = this->create_wall_timer(std::chrono::milliseconds(500),
      |     [01;31m[K^~~~~~[m[K
      |     [32m[Ktimer_t[m[K
[01m[K/home/user/ros2_ws/src/citylab_project/robot_patrol/src/patrol.cpp:[m[K In member function '[01m[Kvoid Patrol::laser_callback(sensor_msgs::msg::LaserScan_<std::allocator<void> >::SharedPtr)[m[K':
[01m[K/home/user/ros2_ws/src/citylab_project/robot_patrol/src/patrol.cpp:22:5:[m[K [01;31m[Kerror: [m[K'[01m[Klaser_ranges_[m[K' was not declared in this scope; did you mean '[01m[Kclose_range[m[K'?
   22 |     [01;31m[Klaser_ranges_[m[K = msg->ranges;
      |     [01;31m[K^~~~~~~~~~~~~[m[K
      |     [32m[Kclose_range[m[K
[01m[K/home/user/ros2_ws/src/citylab_project/robot_patrol/src/patrol.cpp:23:5:[m[K [01;31m[Kerror: [m[K'[01m[Kangle_min_[m[K' was not declared in this scope
   23 |     [01;31m[Kangle_min_[m[K = msg->angle_min;
      |     [01;31m[K^~~~~~~~~~[m[K
[01m[K/home/user/ros2_ws/src/citylab_project/robot_patrol/src/patrol.cpp:24:5:[m[K [01;31m[Kerror: [m[K'[01m[Kangle_increment_[m[K' was not declared in this scope
   24 |     [01;31m[Kangle_increment_[m[K = msg->angle_increment;
      |     [01;31m[K^~~~~~~~~~~~~~~~[m[K
[01m[K/home/user/ros2_ws/src/citylab_project/robot_patrol/src/patrol.cpp:[m[K In member function '[01m[Kvoid Patrol::patrol()[m[K':
[01m[K/home/user/ros2_ws/src/citylab_project/robot_patrol/src/patrol.cpp:28:9:[m[K [01;31m[Kerror: [m[K'[01m[Klaser_ranges_[m[K' was not declared in this scope; did you mean '[01m[Kclose_range[m[K'?
   28 |     if ([01;31m[Klaser_ranges_[m[K.empty()) {
      |         [01;31m[K^~~~~~~~~~~~~[m[K
      |         [32m[Kclose_range[m[K
[01m[K/home/user/ros2_ws/src/citylab_project/robot_patrol/src/patrol.cpp:35:20:[m[K [01;31m[Kerror: [m[K'[01m[Klaser_ranges_[m[K' was not declared in this scope; did you mean '[01m[Kclose_range[m[K'?
   35 |     int num_rays = [01;31m[Klaser_ranges_[m[K.size();
      |                    [01;31m[K^~~~~~~~~~~~~[m[K
      |                    [32m[Kclose_range[m[K
[01m[K/home/user/ros2_ws/src/citylab_project/robot_patrol/src/patrol.cpp:57:7:[m[K [01;31m[Kerror: [m[K'[01m[Kdirection_[m[K' was not declared in this scope
   57 |       [01;31m[Kdirection_[m[K = angle_min_ + (safest_dir * angle_increment_);
      |       [01;31m[K^~~~~~~~~~[m[K
[01m[K/home/user/ros2_ws/src/citylab_project/robot_patrol/src/patrol.cpp:57:20:[m[K [01;31m[Kerror: [m[K'[01m[Kangle_min_[m[K' was not declared in this scope
   57 |       direction_ = [01;31m[Kangle_min_[m[K + (safest_dir * angle_increment_);
      |                    [01;31m[K^~~~~~~~~~[m[K
[01m[K/home/user/ros2_ws/src/citylab_project/robot_patrol/src/patrol.cpp:57:47:[m[K [01;31m[Kerror: [m[K'[01m[Kangle_increment_[m[K' was not declared in this scope
   57 |       direction_ = angle_min_ + (safest_dir * [01;31m[Kangle_increment_[m[K);
      |                                               [01;31m[K^~~~~~~~~~~~~~~~[m[K
[01m[K/home/user/ros2_ws/src/citylab_project/robot_patrol/src/patrol.cpp:65:7:[m[K [01;31m[Kerror: [m[K'[01m[KRCLCPP_INFO[m[K' was not declared in this scope
   65 |       [01;31m[KRCLCPP_INFO[m[K(this->get_logger(),
      |       [01;31m[K^~~~~~~~~~~[m[K
[01m[K/home/user/ros2_ws/src/citylab_project/robot_patrol/src/patrol.cpp:65:18:[m[K [01;31m[Kerror: [m[Kexpected '[01m[K}[m[K' at end of input
   65 |       RCLCPP_INFO[01;31m[K([m[Kthis->get_logger(),
      |                  [01;31m[K^[m[K
[01m[K/home/user/ros2_ws/src/citylab_project/robot_patrol/src/patrol.cpp:46:43:[m[K [01;36m[Knote: [m[Kto match this '[01m[K{[m[K'
   46 |     if (min_distance < min_safe_distance) [01;36m[K{[m[K
      |                                           [01;36m[K^[m[K
[01m[K/home/user/ros2_ws/src/citylab_project/robot_patrol/src/patrol.cpp:65:18:[m[K [01;31m[Kerror: [m[Kexpected '[01m[K}[m[K' at end of input
   65 |       RCLCPP_INFO[01;31m[K([m[Kthis->get_logger(),
      |                  [01;31m[K^[m[K
[01m[K/home/user/ros2_ws/src/citylab_project/robot_patrol/src/patrol.cpp:27:17:[m[K [01;36m[Knote: [m[Kto match this '[01m[K{[m[K'
   27 |   void patrol() [01;36m[K{[m[K
      |                 [01;36m[K^[m[K
[01m[K/home/user/ros2_ws/src/citylab_project/robot_patrol/src/patrol.cpp:[m[K At global scope:
[01m[K/home/user/ros2_ws/src/citylab_project/robot_patrol/src/patrol.cpp:65:18:[m[K [01;31m[Kerror: [m[Kexpected unqualified-id at end of input
   65 |       RCLCPP_INFO[01;31m[K([m[Kthis->get_logger(),
      |                  [01;31m[K^[m[K
gmake[2]: *** [CMakeFiles/patrol_node.dir/build.make:76: CMakeFiles/patrol_node.dir/src/patrol.cpp.o] Error 1
gmake[1]: *** [CMakeFiles/Makefile2:137: CMakeFiles/patrol_node.dir/all] Error 2
gmake: *** [Makefile:146: all] Error 2
